
Showing logs for build [32mcb-kubecd-bdd-gh-1575543141-mas-1[0m stage [32mfrom-build-pack[0m and container [32mstep-credential-initializer-wqbmd[0m
{"level":"warn","ts":1575544554.1839983,"logger":"fallback-logger","caller":"logging/config.go:69","msg":"Fetch GitHub commit ID from kodata failed: \"ref: refs/heads/master\" is not a valid GitHub commit ID"}
{"level":"info","ts":1575544554.184281,"logger":"fallback-logger","caller":"creds-init/main.go:40","msg":"Credentials initialized."}

Showing logs for build [32mcb-kubecd-bdd-gh-1575543141-mas-1[0m stage [32mfrom-build-pack[0m and container [32mstep-working-dir-initializer-n8qr2[0m
{"level":"warn","ts":1575544555.275837,"logger":"fallback-logger","caller":"logging/config.go:69","msg":"Fetch GitHub commit ID from kodata failed: open /var/run/ko/HEAD: no such file or directory"}
{"level":"info","ts":1575544555.2766888,"logger":"fallback-logger","caller":"bash/main.go:65","msg":"Successfully executed command \"mkdir -p /workspace/source\""}

Showing logs for build [32mcb-kubecd-bdd-gh-1575543141-mas-1[0m stage [32mfrom-build-pack[0m and container [32mstep-place-tools[0m

Showing logs for build [32mcb-kubecd-bdd-gh-1575543141-mas-1[0m stage [32mfrom-build-pack[0m and container [32mstep-git-source-cb-kubecd-bdd-gh-1575543141-mas-4vr7v[0m
{"level":"warn","ts":1575544561.3855846,"logger":"fallback-logger","caller":"logging/config.go:69","msg":"Fetch GitHub commit ID from kodata failed: \"ref: refs/heads/master\" is not a valid GitHub commit ID"}
{"level":"info","ts":1575544561.5497065,"logger":"fallback-logger","caller":"git/git.go:102","msg":"Successfully cloned https://github.com/cb-kubecd/bdd-gh-1575543141.git @ v0.0.1 in path /workspace/source"}

Showing logs for build [32mcb-kubecd-bdd-gh-1575543141-mas-1[0m stage [32mfrom-build-pack[0m and container [32mstep-git-merge[0m
Using SHAs from PULL_REFS=master:a27e96b5ab4ddb6484169a8d3a96e195ed7679f6
WARNING: no SHAs to merge, falling back to initial cloned commit

Showing logs for build [32mcb-kubecd-bdd-gh-1575543141-mas-1[0m stage [32mfrom-build-pack[0m and container [32mstep-setup-jx-git-credentials[0m
Generated Git credentials file /workspace/xdg_config/git/credentials

Showing logs for build [32mcb-kubecd-bdd-gh-1575543141-mas-1[0m stage [32mfrom-build-pack[0m and container [32mstep-build-make-build[0m
CGO_ENABLED=0 GO15VENDOREXPERIMENT=1 go build -ldflags '' -o bin/bdd-gh-1575543141 main.go

Showing logs for build [32mcb-kubecd-bdd-gh-1575543141-mas-1[0m stage [32mfrom-build-pack[0m and container [32mstep-build-container-build[0m
[36mINFO[0m[0000] No base image, nothing to extract            
[36mINFO[0m[0000] cmd: EXPOSE                                  
[36mINFO[0m[0000] Adding exposed port: 8080/tcp                
[36mINFO[0m[0000] Using files from context: [/workspace/source/bin] 
[36mINFO[0m[0000] Skipping unpacking as no commands require it. 
[36mINFO[0m[0000] Taking snapshot of full filesystem...        
[36mINFO[0m[0000] EXPOSE 8080                                  
[36mINFO[0m[0000] cmd: EXPOSE                                  
[36mINFO[0m[0000] Adding exposed port: 8080/tcp                
[36mINFO[0m[0000] No files changed in this command, skipping snapshotting. 
[36mINFO[0m[0000] ENTRYPOINT ["/bdd-gh-1575543141"]            
[36mINFO[0m[0000] No files changed in this command, skipping snapshotting. 
[36mINFO[0m[0000] Using files from context: [/workspace/source/bin] 
[36mINFO[0m[0000] COPY ./bin/ /                                
[36mINFO[0m[0000] Taking snapshot of files...                  
2019/12/05 11:16:12 pushed blob: sha256:c3fb30cea32aecf9541dddac2078def0ac6b5ddad6f9a6c9bb848bd0bcc1161c
2019/12/05 11:16:13 pushed blob: sha256:aebb1e571e069b7c9e3143e373372279909e9b145e68f9edd7af1523cfe735ee
2019/12/05 11:16:13 296178596335.dkr.ecr.us-east-1.amazonaws.com/cb-kubecd/bdd-gh-1575543141:0.0.1: digest: sha256:1448c1fd5b72648bb30c31ea5ded152522d5c687eb16df38fcf6d32b0948f4f3 size: 428

Showing logs for build [32mcb-kubecd-bdd-gh-1575543141-mas-1[0m stage [32mfrom-build-pack[0m and container [32mstep-build-post-build[0m
no CVE provider running in the current ** namespace so skip adding image to be analysed

Showing logs for build [32mcb-kubecd-bdd-gh-1575543141-mas-1[0m stage [32mfrom-build-pack[0m and container [32mstep-promote-changelog[0m
Converted /workspace/source/charts/bdd-gh-1575543141 to an unshallow repository
Generating change log from git ref e7dce0ded6c966033a8f3935224db49a5af153dd => 4f543d319c53c115b71c8202188ff6e2abb6fdb2
Associating user x-0 in users.jenkins.io with email jenkins-x@googlegroups.com to git GitProvider user with login -0 as emails match
Adding label jenkins.io/git-github-userid=-0 to user x-0 in users.jenkins.io
WARNING: Failed to enrich commit a27e96b5ab4ddb6484169a8d3a96e195ed7679f6 with issues: User.jenkins.io "x-0" is invalid: metadata.labels: Invalid value: "-0": a valid label must be an empty string or consist of alphanumeric characters, '-', '_' or '.', and must start and end with an alphanumeric character (e.g. 'MyValue',  or 'my_value',  or '12345', regex used for validation is '(([A-Za-z0-9][-A-Za-z0-9_.]*)?[A-Za-z0-9])?')
Associating user x-0 in users.jenkins.io with email jenkins-x@googlegroups.com to git GitProvider user with login -0 as emails match
Adding label jenkins.io/git-github-userid=-0 to user x-0 in users.jenkins.io
WARNING: Failed to enrich commit a27e96b5ab4ddb6484169a8d3a96e195ed7679f6 with issues: User.jenkins.io "x-0" is invalid: metadata.labels: Invalid value: "-0": a valid label must be an empty string or consist of alphanumeric characters, '-', '_' or '.', and must start and end with an alphanumeric character (e.g. 'MyValue',  or 'my_value',  or '12345', regex used for validation is '(([A-Za-z0-9][-A-Za-z0-9_.]*)?[A-Za-z0-9])?')
Finding issues in commit messages using git format
WARNING: No release found for cb-kubecd/bdd-gh-1575543141 and tag v0.0.1 so creating a new release
Updated the release information at https://github.com/cb-kubecd/bdd-gh-1575543141/releases/tag/v0.0.1
generated: /workspace/source/charts/bdd-gh-1575543141/templates/release.yaml
Created Release bdd-gh-1575543141-0-0-1 resource in namespace **
Updating PipelineActivity cb-kubecd-bdd-gh-1575543141-master-1 with version 0.0.1
Updated PipelineActivities cb-kubecd-bdd-gh-1575543141-master-1 with release notes URL: https://github.com/cb-kubecd/bdd-gh-1575543141/releases/tag/v0.0.1

Showing logs for build [32mcb-kubecd-bdd-gh-1575543141-mas-1[0m stage [32mfrom-build-pack[0m and container [32mstep-promote-helm-release[0m
WARNING: No $CHART_REPOSITORY defined so using the default value of: http://jenkins-x-chartmuseum:8080
Adding missing Helm repo: storage.googleapis.com https://storage.googleapis.com/chartmuseum.jenkins-x.io
Read credentials for https://storage.googleapis.com/chartmuseum.jenkins-x.io from vault helm/repos
Successfully added Helm repository storage.googleapis.com.
Adding missing Helm repo: jenkins-x-chartmuseum http://jenkins-x-chartmuseum:8080
Read credentials for http://jenkins-x-chartmuseum:8080 from vault helm/repos
Successfully added Helm repository jenkins-x-chartmuseum.
WARNING: No $CHART_REPOSITORY defined so using the default value of: http://jenkins-x-chartmuseum:8080
Uploading chart file bdd-gh-1575543141-0.0.1.tgz to http://jenkins-x-chartmuseum:8080/api/charts
Received 201 response: {"saved":true}

Showing logs for build [32mcb-kubecd-bdd-gh-1575543141-mas-1[0m stage [32mfrom-build-pack[0m and container [32mstep-promote-jx-promote[0m
WARNING: prow based install so skip waiting for the merge of Pull Requests to go green as currently there is an issue with gettingstatuses from the PR, see https://github.com/jenkins-x/**/issues/2410
WARNING: No $CHART_REPOSITORY defined so using the default value of: http://jenkins-x-chartmuseum:8080
Promoting app bdd-gh-1575543141 version 0.0.1 to namespace **-staging
Created Pull Request: https://github.com/cb-kubecd/environment-pr-96-87-boot-eks-staging/pull/4
Added label updatebot to Pull Request https://github.com/cb-kubecd/environment-pr-96-87-boot-eks-staging/pull/4
got git provider status pending from PR https://github.com/cb-kubecd/environment-pr-96-87-boot-eks-staging/pull/4
got git provider status pending from PR https://github.com/cb-kubecd/environment-pr-96-87-boot-eks-staging/pull/4
got git provider status pending from PR https://github.com/cb-kubecd/environment-pr-96-87-boot-eks-staging/pull/4
Pull Request https://github.com/cb-kubecd/environment-pr-96-87-boot-eks-staging/pull/4 is merged at sha b00f7af0e8d47bdb71615a3b1672fb9857aa251d
Pull Request merged but we are not waiting for the update pipeline to complete!
WARNING: Could not find the service URL in namespace **-staging for names bdd-gh-1575543141, **-bdd-gh-1575543141, **-staging-bdd-gh-1575543141
