
Showing logs for build [32mcb-kubecd-bdd-gh-1575543141-pr-1[0m stage [32mfrom-build-pack[0m and container [32mstep-credential-initializer-6cstz[0m
{"level":"warn","ts":1575544804.9074814,"logger":"fallback-logger","caller":"logging/config.go:69","msg":"Fetch GitHub commit ID from kodata failed: \"ref: refs/heads/master\" is not a valid GitHub commit ID"}
{"level":"info","ts":1575544804.9078598,"logger":"fallback-logger","caller":"creds-init/main.go:40","msg":"Credentials initialized."}

Showing logs for build [32mcb-kubecd-bdd-gh-1575543141-pr-1[0m stage [32mfrom-build-pack[0m and container [32mstep-working-dir-initializer-mxx4h[0m
{"level":"warn","ts":1575544805.9514327,"logger":"fallback-logger","caller":"logging/config.go:69","msg":"Fetch GitHub commit ID from kodata failed: open /var/run/ko/HEAD: no such file or directory"}
{"level":"info","ts":1575544805.9522202,"logger":"fallback-logger","caller":"bash/main.go:65","msg":"Successfully executed command \"mkdir -p /workspace/source\""}

Showing logs for build [32mcb-kubecd-bdd-gh-1575543141-pr-1[0m stage [32mfrom-build-pack[0m and container [32mstep-place-tools[0m

Showing logs for build [32mcb-kubecd-bdd-gh-1575543141-pr-1[0m stage [32mfrom-build-pack[0m and container [32mstep-git-source-cb-kubecd-bdd-gh-1575543141-pr-qfrck[0m
{"level":"warn","ts":1575544812.090619,"logger":"fallback-logger","caller":"logging/config.go:69","msg":"Fetch GitHub commit ID from kodata failed: \"ref: refs/heads/master\" is not a valid GitHub commit ID"}
{"level":"info","ts":1575544812.2523494,"logger":"fallback-logger","caller":"git/git.go:102","msg":"Successfully cloned https://github.com/cb-kubecd/bdd-gh-1575543141.git @ master in path /workspace/source"}

Showing logs for build [32mcb-kubecd-bdd-gh-1575543141-pr-1[0m stage [32mfrom-build-pack[0m and container [32mstep-git-merge[0m
Using SHAs from PULL_REFS=master:a27e96b5ab4ddb6484169a8d3a96e195ed7679f6,1:d8868b39463cc7646c35dbb4cac53fe21fcdeb53
DEBUG: ran git fetch --unshallow origin d8868b39463cc7646c35dbb4cac53fe21fcdeb53: a27e96b5ab4ddb6484169a8d3a96e195ed7679f6: in 
DEBUG: ran git checkout master in 
DEBUG: ran git reset --hard a27e96b5ab4ddb6484169a8d3a96e195ed7679f6 in 
DEBUG: ran clean --force -d . in 
DEBUG: ran git merge d8868b39463cc7646c35dbb4cac53fe21fcdeb53 in 
Merged SHA d8868b39463cc7646c35dbb4cac53fe21fcdeb53 with commit message 'My first PR commit' into base branch master

Showing logs for build [32mcb-kubecd-bdd-gh-1575543141-pr-1[0m stage [32mfrom-build-pack[0m and container [32mstep-build-make-linux[0m
CGO_ENABLED=0 GOOS=linux GOARCH=amd64 GO15VENDOREXPERIMENT=1 go build -ldflags '' -o bin/bdd-gh-1575543141 main.go

Showing logs for build [32mcb-kubecd-bdd-gh-1575543141-pr-1[0m stage [32mfrom-build-pack[0m and container [32mstep-build-container-build[0m
[36mINFO[0m[0000] No base image, nothing to extract            
[36mINFO[0m[0000] cmd: EXPOSE                                  
[36mINFO[0m[0000] Adding exposed port: 8080/tcp                
[36mINFO[0m[0000] Using files from context: [/workspace/source/bin] 
[36mINFO[0m[0000] Skipping unpacking as no commands require it. 
[36mINFO[0m[0000] Taking snapshot of full filesystem...        
[36mINFO[0m[0000] EXPOSE 8080                                  
[36mINFO[0m[0000] cmd: EXPOSE                                  
[36mINFO[0m[0000] Adding exposed port: 8080/tcp                
[36mINFO[0m[0000] No files changed in this command, skipping snapshotting. 
[36mINFO[0m[0000] ENTRYPOINT ["/bdd-gh-1575543141"]            
[36mINFO[0m[0000] No files changed in this command, skipping snapshotting. 
[36mINFO[0m[0000] Using files from context: [/workspace/source/bin] 
[36mINFO[0m[0000] COPY ./bin/ /                                
[36mINFO[0m[0000] Taking snapshot of files...                  
2019/12/05 11:20:23 pushed blob: sha256:ffe74e88a8c999052a88b50b012a195b3a5848859868b1e3ccdfca82ed2a927f
2019/12/05 11:20:24 pushed blob: sha256:8b36c2b502d330043337e63817ba267eb4caabc3f7d9e1b7b27d8f2996661504
2019/12/05 11:20:24 296178596335.dkr.ecr.us-east-1.amazonaws.com/cb-kubecd/bdd-gh-1575543141:0.0.0-SNAPSHOT-PR-1-1: digest: sha256:93bc6a5103ff647a059548748568e3ffbcf27afa29851226064455d94eabc2f9 size: 428

Showing logs for build [32mcb-kubecd-bdd-gh-1575543141-pr-1[0m stage [32mfrom-build-pack[0m and container [32mstep-postbuild-post-build[0m
no CVE provider running in the current ** namespace so skip adding image to be analysed

Showing logs for build [32mcb-kubecd-bdd-gh-1575543141-pr-1[0m stage [32mfrom-build-pack[0m and container [32mstep-promote-make-preview[0m
sed -i -e "s/version:.*/version: 0.0.0-SNAPSHOT-PR-1-1/" Chart.yaml
sed -i -e "s/version:.*/version: 0.0.0-SNAPSHOT-PR-1-1/" ../*/Chart.yaml
sed -i -e "s|repository:.*|repository: 296178596335.dkr.ecr.us-east-1.amazonaws.com\/cb-kubecd\/bdd-gh-1575543141|" values.yaml
sed -i -e "s/tag:.*/tag: 0.0.0-SNAPSHOT-PR-1-1/" values.yaml
echo "  version: 0.0.0-SNAPSHOT-PR-1-1" >> requirements.yaml
** step helm build
WARNING: No $CHART_REPOSITORY defined so using the default value of: http://jenkins-x-chartmuseum:8080
Adding missing Helm repo: storage.googleapis.com https://storage.googleapis.com/chartmuseum.jenkins-x.io
Read credentials for https://storage.googleapis.com/chartmuseum.jenkins-x.io from vault helm/repos
Successfully added Helm repository storage.googleapis.com.
Adding missing Helm repo: jenkins-x-chartmuseum http://jenkins-x-chartmuseum:8080
Read credentials for http://jenkins-x-chartmuseum:8080 from vault helm/repos
Successfully added Helm repository jenkins-x-chartmuseum.
WARNING: No $CHART_REPOSITORY defined so using the default value of: http://jenkins-x-chartmuseum:8080
Adding missing Helm repo: chartmuseum.jenkins-x.io http://chartmuseum.jenkins-x.io
Read credentials for http://chartmuseum.jenkins-x.io from vault helm/repos
Successfully added Helm repository chartmuseum.jenkins-x.io.

Showing logs for build [32mcb-kubecd-bdd-gh-1575543141-pr-1[0m stage [32mfrom-build-pack[0m and container [32mstep-promote-jx-preview[0m
Creating a preview
Created environment cb-kubecd-bdd-gh-1575543141-pr-1
Namespace **-cb-kubecd-bdd-gh-1575543141-pr-1 created 
expose:
  Annotations:
    helm.sh/hook: post-install,post-upgrade
    helm.sh/hook-delete-policy: hook-succeeded
  config:
    domain: 3.232.169.107.nip.io
    exposer: Ingress
    http: "true"
preview:
  image:
    repository: 296178596335.dkr.ecr.us-east-1.amazonaws.com/cb-kubecd/bdd-gh-1575543141
    tag: 0.0.0-SNAPSHOT-PR-1-1


Updating PipelineActivities cb-kubecd-bdd-gh-1575543141-pr-1-1 which has status Running
WARNING: preview application http://bdd-gh-1575543141.**-cb-kubecd-bdd-gh-1575543141-pr-1.3.232.169.107.nip.io not available, error was 503 503 Service Temporarily Unavailable, delaying for: 1.24184896s
WARNING: preview application http://bdd-gh-1575543141.**-cb-kubecd-bdd-gh-1575543141-pr-1.3.232.169.107.nip.io not available, error was 503 503 Service Temporarily Unavailable, delaying for: 1.024387374s
Preview application is now available at: http://bdd-gh-1575543141.**-cb-kubecd-bdd-gh-1575543141-pr-1.3.232.169.107.nip.io
